SF:lib\core\models\ad_settings_model.dart
DA:7,1
DA:8,1
DA:9,3
DA:10,1
DA:45,1
DA:70,1
DA:72,1
DA:73,1
DA:74,1
DA:75,1
DA:76,1
DA:77,1
DA:78,1
DA:80,1
DA:81,1
DA:82,2
DA:83,2
DA:84,1
DA:86,2
DA:87,2
DA:88,2
DA:89,1
DA:90,1
DA:93,1
DA:95,1
DA:97,1
DA:99,1
DA:101,1
DA:103,1
DA:105,1
DA:107,1
DA:108,2
DA:109,2
DA:110,2
DA:115,2
DA:116,1
DA:117,1
DA:118,1
DA:119,1
DA:120,1
DA:121,2
DA:122,1
DA:123,1
DA:124,1
DA:125,1
DA:126,1
DA:128,1
DA:129,1
DA:130,1
DA:135,4
DA:136,1
DA:137,1
DA:138,2
DA:139,2
DA:140,2
DA:141,2
DA:142,2
DA:143,2
DA:144,4
DA:160,1
DA:184,1
DA:185,1
DA:186,1
DA:187,1
DA:189,1
DA:191,1
DA:192,1
DA:193,1
DA:194,1
DA:195,1
DA:196,1
DA:197,0
DA:199,1
DA:201,1
DA:203,1
DA:205,1
DA:207,1
DA:210,1
DA:213,1
DA:215,1
DA:216,1
DA:217,1
DA:218,1
DA:223,3
LF:84
LH:83
end_of_record
SF:lib\core\models\digital_order_model.dart
DA:10,1
DA:12,1
DA:14,1
DA:16,1
DA:18,1
DA:20,0
DA:22,0
DA:24,0
DA:31,0
DA:33,0
DA:35,0
DA:37,0
DA:39,0
DA:41,0
DA:43,0
DA:45,0
DA:50,0
DA:52,0
DA:54,0
DA:56,0
DA:58,0
DA:60,0
DA:62,0
DA:64,0
DA:78,1
DA:80,1
DA:81,1
DA:82,1
DA:84,1
DA:85,0
DA:89,1
DA:90,1
DA:126,1
DA:158,1
DA:160,2
DA:161,0
DA:163,1
DA:164,1
DA:165,1
DA:166,1
DA:167,1
DA:168,1
DA:169,1
DA:170,2
DA:172,2
DA:173,2
DA:175,2
DA:176,2
DA:178,2
DA:180,2
DA:181,2
DA:183,2
DA:185,2
DA:186,1
DA:187,1
DA:189,1
DA:190,2
DA:191,1
DA:192,1
DA:193,1
DA:194,0
DA:196,1
DA:197,2
DA:198,1
DA:199,1
DA:200,1
DA:201,1
DA:202,0
DA:207,0
DA:208,5
DA:209,3
DA:211,1
DA:212,1
DA:213,5
DA:214,2
DA:215,4
DA:217,1
DA:220,1
DA:221,1
DA:222,5
DA:223,2
DA:224,4
DA:226,1
LF:83
LH:59
end_of_record
SF:lib\sehirici\models\sehirici_models.dart
DA:15,3
DA:17,3
DA:19,3
DA:21,3
DA:23,3
DA:25,3
DA:32,3
DA:34,3
DA:36,3
DA:38,3
DA:40,3
DA:42,3
DA:44,2
DA:49,2
DA:51,2
DA:53,2
DA:55,2
DA:57,2
DA:59,2
DA:61,1
DA:66,0
DA:68,0
DA:70,0
DA:72,0
DA:74,0
DA:76,0
DA:78,0
DA:91,3
DA:93,3
DA:95,3
DA:97,3
DA:99,3
DA:101,3
DA:108,2
DA:110,2
DA:112,2
DA:114,2
DA:116,2
DA:118,2
DA:120,2
DA:135,3
DA:145,2
DA:146,2
DA:147,2
DA:148,2
DA:149,2
DA:150,4
DA:151,4
DA:152,4
DA:153,2
DA:167,2
DA:177,1
DA:178,1
DA:179,1
DA:180,1
DA:181,1
DA:182,2
DA:183,2
DA:184,1
DA:185,1
DA:200,2
DA:210,2
DA:211,2
DA:212,2
DA:213,4
DA:214,4
DA:215,3
DA:216,2
DA:217,4
DA:218,4
DA:222,2
DA:223,1
DA:224,1
DA:225,1
DA:226,1
DA:245,3
DA:258,2
DA:260,7
DA:266,3
DA:267,3
DA:269,3
DA:271,4
DA:272,2
DA:275,3
DA:276,3
DA:277,0
DA:278,0
DA:280,0
DA:281,0
DA:282,0
DA:283,0
DA:287,3
DA:288,6
DA:289,3
DA:290,3
DA:291,3
DA:292,3
DA:293,3
DA:294,5
DA:295,5
DA:296,3
DA:326,3
DA:349,1
DA:351,4
DA:357,3
DA:358,3
DA:360,0
DA:361,0
DA:362,0
DA:365,3
DA:366,4
DA:367,3
DA:368,3
DA:369,3
DA:370,3
DA:371,3
DA:372,3
DA:373,6
DA:374,6
DA:375,5
DA:376,5
DA:377,5
DA:378,5
DA:379,3
DA:380,4
DA:382,3
DA:383,3
DA:384,3
DA:385,3
DA:386,5
DA:387,6
DA:392,3
DA:403,3
DA:404,3
DA:405,3
DA:406,3
DA:407,3
DA:408,3
DA:409,3
DA:410,3
DA:411,3
DA:412,3
DA:413,1
DA:414,1
DA:415,3
DA:416,2
DA:417,3
DA:418,3
DA:419,3
DA:420,3
DA:421,3
DA:422,2
DA:423,3
DA:433,1
DA:439,1
DA:440,1
DA:441,1
DA:442,1
DA:444,2
DA:458,2
DA:467,2
DA:468,2
DA:469,2
DA:470,2
DA:471,6
DA:475,2
DA:476,2
DA:477,2
DA:479,6
DA:482,6
DA:484,6
DA:485,2
LF:172
LH:156
end_of_record
SF:lib\core\services\ad_settings_service.dart
DA:28,1
DA:50,3
DA:53,3
DA:57,3
DA:58,3
DA:59,1
DA:60,2
DA:61,1
DA:62,2
DA:64,1
DA:65,5
DA:68,2
DA:69,2
DA:70,3
DA:73,1
DA:74,3
DA:75,1
DA:76,3
DA:79,1
DA:80,3
DA:81,1
DA:82,0
DA:85,1
DA:86,2
DA:87,1
DA:88,1
DA:93,4
DA:96,2
DA:99,8
DA:102,1
DA:105,1
DA:106,0
DA:112,2
DA:113,1
DA:114,1
DA:115,1
DA:116,1
DA:117,1
DA:118,1
DA:119,1
DA:120,1
DA:121,1
DA:122,2
DA:123,1
DA:124,1
DA:125,1
DA:126,1
DA:127,2
DA:128,1
DA:129,1
DA:130,1
DA:131,1
DA:135,1
DA:136,1
DA:137,1
DA:145,1
DA:147,0
DA:149,0
DA:151,0
DA:152,0
DA:153,0
DA:154,0
DA:155,0
DA:156,0
DA:158,0
DA:163,0
DA:166,0
DA:168,0
DA:170,0
DA:172,0
DA:174,0
DA:175,0
DA:177,0
DA:183,0
DA:184,0
DA:185,0
DA:186,0
DA:188,0
LF:78
LH:54
end_of_record
SF:lib\core\models\admin_reward_overview_model.dart
DA:11,0
DA:18,0
DA:19,0
DA:20,0
DA:21,0
DA:23,0
DA:24,0
DA:26,0
DA:27,0
DA:28,0
DA:30,0
DA:31,0
DA:32,0
DA:33,0
DA:35,0
DA:67,0
DA:93,0
DA:94,0
DA:95,0
DA:96,0
DA:97,0
DA:99,0
DA:100,0
DA:101,0
DA:102,0
DA:103,0
DA:104,0
DA:105,0
DA:106,0
DA:108,0
DA:110,0
DA:112,0
DA:114,0
DA:116,0
DA:118,0
DA:120,0
DA:122,0
DA:123,0
DA:124,0
DA:125,0
DA:126,0
DA:138,0
DA:146,0
DA:147,0
DA:148,0
DA:149,0
DA:150,0
DA:151,0
DA:152,0
DA:157,0
DA:159,0
DA:171,0
DA:181,0
DA:182,0
DA:183,0
DA:184,0
DA:185,0
DA:186,0
DA:187,0
DA:188,0
DA:189,0
DA:191,0
DA:203,0
DA:211,0
DA:212,0
DA:213,0
DA:214,0
DA:215,0
DA:216,0
DA:217,0
DA:222,0
LF:71
LH:0
end_of_record
SF:lib\core\models\reward_points_model.dart
DA:5,2
DA:22,1
DA:23,1
DA:24,3
DA:25,0
DA:28,0
DA:29,0
DA:30,0
DA:31,0
DA:32,0
DA:33,0
DA:34,0
DA:35,0
DA:49,1
DA:60,1
DA:61,1
DA:62,1
DA:63,2
DA:64,2
DA:65,2
DA:66,2
DA:67,2
DA:68,2
DA:69,2
DA:86,1
DA:99,1
DA:100,1
DA:101,1
DA:102,1
DA:103,2
DA:104,2
DA:105,2
DA:106,2
DA:107,2
DA:108,1
DA:109,1
DA:110,2
DA:114,1
DA:115,4
DA:118,3
LF:40
LH:31
end_of_record
SF:lib\core\models\reward_session_model.dart
DA:12,1
DA:13,1
DA:14,1
DA:15,1
DA:16,1
DA:17,0
DA:18,0
DA:19,0
DA:20,0
DA:24,1
DA:25,1
DA:26,0
DA:27,0
DA:28,0
DA:29,0
DA:39,1
DA:40,1
DA:41,0
DA:55,2
DA:65,1
DA:66,1
DA:67,1
DA:68,2
DA:69,2
DA:70,2
DA:72,2
DA:73,0
DA:74,1
DA:75,2
DA:86,1
DA:88,3
LF:31
LH:21
end_of_record
SF:lib\core\services\reward_points_service.dart
DA:18,0
DA:20,0
DA:22,0
DA:24,0
DA:26,0
DA:27,0
DA:28,0
DA:29,0
DA:30,0
DA:31,0
DA:34,0
DA:36,0
DA:38,0
DA:39,0
DA:40,0
DA:41,0
DA:42,0
DA:43,0
DA:44,0
DA:46,0
DA:47,0
DA:50,0
DA:54,0
DA:55,0
DA:58,0
DA:60,0
DA:61,0
DA:63,0
DA:64,0
DA:66,0
DA:67,0
DA:69,0
DA:70,0
DA:75,0
DA:77,0
DA:78,0
DA:79,0
DA:80,0
DA:81,0
DA:82,0
DA:94,2
DA:97,1
DA:103,2
DA:105,2
DA:106,1
DA:107,1
DA:108,1
DA:113,1
DA:114,1
DA:119,1
DA:120,1
DA:121,0
DA:126,1
DA:127,0
DA:135,4
DA:137,1
LF:56
LH:14
end_of_record
SF:lib\core\services\rewarded_ad_service.dart
DA:23,0
DA:34,1
DA:36,0
DA:38,0
DA:39,0
DA:42,0
DA:43,0
DA:44,0
DA:45,0
DA:46,0
DA:50,0
DA:57,0
DA:59,0
DA:63,0
DA:64,0
DA:68,0
DA:70,0
DA:74,0
DA:75,0
DA:76,0
DA:77,0
DA:78,0
DA:79,0
DA:86,0
DA:87,0
DA:88,0
DA:89,0
DA:90,0
DA:91,0
DA:101,0
DA:102,0
DA:109,0
DA:110,0
DA:112,0
DA:115,0
DA:118,0
DA:119,0
DA:137,0
DA:144,0
DA:145,0
DA:147,0
DA:150,0
DA:156,0
DA:157,0
DA:164,0
DA:165,0
DA:172,0
DA:179,0
DA:180,0
DA:186,0
DA:187,0
DA:206,1
DA:211,0
DA:212,0
DA:214,1
DA:216,0
DA:219,1
DA:220,1
DA:221,0
DA:225,1
DA:226,0
DA:227,1
DA:228,0
DA:229,1
DA:232,1
DA:235,1
DA:236,3
DA:237,3
DA:238,1
DA:241,1
DA:242,1
DA:244,1
DA:245,0
DA:246,0
DA:247,0
DA:248,0
DA:251,2
DA:253,0
DA:254,0
DA:256,0
DA:260,0
DA:262,0
DA:264,0
DA:265,0
DA:268,0
DA:269,0
DA:270,0
DA:271,0
DA:272,0
DA:275,0
DA:280,0
DA:281,0
DA:283,0
DA:285,0
DA:286,0
DA:287,0
DA:292,0
DA:293,0
DA:294,0
DA:295,0
DA:296,0
DA:300,0
DA:301,0
DA:303,0
DA:304,0
DA:305,0
DA:306,0
DA:307,0
DA:309,0
DA:310,0
DA:311,0
DA:313,0
DA:314,0
DA:317,0
DA:318,0
DA:321,0
DA:326,0
DA:328,1
DA:329,1
DA:330,1
LF:120
LH:20
end_of_record
SF:lib\features\wallet\widgets\watch_ad_earn_card.dart
DA:12,1
DA:14,1
DA:15,1
DA:19,1
DA:20,2
DA:27,1
DA:29,1
DA:30,1
DA:33,1
DA:34,2
DA:35,1
DA:36,2
DA:37,1
DA:38,1
DA:40,1
DA:43,1
DA:44,4
DA:45,3
DA:46,2
DA:47,4
DA:50,0
DA:51,0
DA:52,0
DA:53,0
DA:57,0
DA:58,0
DA:59,0
DA:61,0
DA:65,0
DA:66,0
DA:69,0
DA:70,0
DA:71,0
DA:72,0
DA:75,0
DA:76,0
DA:77,0
DA:78,0
DA:81,0
DA:82,0
DA:83,0
DA:87,0
DA:88,0
DA:91,0
DA:92,0
DA:93,0
DA:97,0
DA:98,0
DA:99,0
DA:100,0
DA:104,0
DA:107,0
DA:112,0
DA:113,0
DA:114,0
DA:126,1
DA:128,2
DA:129,1
DA:132,1
DA:134,2
DA:138,1
DA:139,3
DA:140,1
DA:141,1
DA:142,1
DA:144,1
DA:146,1
DA:148,1
DA:150,1
DA:153,1
DA:155,1
DA:156,1
DA:157,3
DA:159,1
DA:160,1
DA:161,1
DA:162,1
DA:168,1
DA:170,1
DA:171,3
DA:172,1
DA:173,1
DA:175,1
DA:176,1
DA:177,1
DA:179,1
DA:180,1
DA:181,1
DA:183,2
DA:199,1
DA:200,1
DA:202,1
DA:212,1
DA:214,1
DA:215,1
DA:220,1
DA:222,1
DA:223,1
LF:98
LH:63
end_of_record
